#
# There is insufficient memory for the Java Runtime Environment to continue.
# Native memory allocation (malloc) failed to allocate 32756 bytes for ChunkPool::allocate
# Possible reasons:
#   The system is out of physical RAM or swap space
#   In 32 bit mode, the process size limit was hit
# Possible solutions:
#   Reduce memory load on the system
#   Increase physical memory or swap space
#   Check if swap backing store is full
#   Use 64 bit Java on a 64 bit OS
#   Decrease Java heap size (-Xmx/-Xms)
#   Decrease number of Java threads
#   Decrease Java thread stack sizes (-Xss)
#   Set larger code cache with -XX:ReservedCodeCacheSize=
# This output file may be truncated or incomplete.
#
#  Out of Memory Error (allocation.cpp:211), pid=2856, tid=2228
#
# JRE version: Java(TM) SE Runtime Environment (7.0_67-b01) (build 1.7.0_67-b01)
# Java VM: Java HotSpot(TM) Client VM (24.65-b04 mixed mode, sharing windows-x86 )
# Failed to write core dump. Minidumps are not enabled by default on client versions of Windows
#

---------------  T H R E A D  ---------------

Current thread (0x02bba800):  JavaThread "C1 CompilerThread0" daemon [_thread_in_native, id=2228, stack(0x02f20000,0x02f70000)]

Stack: [0x02f20000,0x02f70000],  sp=0x02f6f2c4,  free space=316k
Native frames: (J=compiled Java code, j=interpreted, Vv=VM code, C=native code)
V  [jvm.dll+0x190494]
V  [jvm.dll+0x18a2a5]
V  [jvm.dll+0x777f4]
V  [jvm.dll+0x779dc]
V  [jvm.dll+0x77d2a]
V  [jvm.dll+0x8c164]
V  [jvm.dll+0x1897e9]
V  [jvm.dll+0x189908]
V  [jvm.dll+0x27c6b4]
V  [jvm.dll+0x28141f]
V  [jvm.dll+0x266f8e]
V  [jvm.dll+0x26706a]
V  [jvm.dll+0x2671cc]
V  [jvm.dll+0x267466]
V  [jvm.dll+0x5f439]
V  [jvm.dll+0x5fa3d]
V  [jvm.dll+0x16252c]
V  [jvm.dll+0x162f87]
V  [jvm.dll+0x1a7489]
C  [msvcr100.dll+0x5c556]
C  [msvcr100.dll+0x5c600]
C  [kernel32.dll+0xb50b]


Current CompileTask:
C1: 579152  455             javax.swing.plaf.nimbus.NimbusStyle::validate (1178 bytes)


---------------  P R O C E S S  ---------------

Java Threads: ( => current thread )
  0x035f9400 JavaThread "TimerQueue" daemon [_thread_blocked, id=9572, stack(0x038e0000,0x03930000)]
  0x03491800 JavaThread "Abandoned connection cleanup thread" daemon [_thread_blocked, id=5364, stack(0x03400000,0x03450000)]
  0x00949400 JavaThread "DestroyJavaVM" [_thread_blocked, id=3264, stack(0x00a30000,0x00a80000)]
  0x02bf7800 JavaThread "AWT-EventQueue-0" [_thread_in_native, id=6000, stack(0x033b0000,0x03400000)]
  0x02bf7400 JavaThread "AWT-Shutdown" [_thread_blocked, id=5996, stack(0x03270000,0x032c0000)]
  0x02c11400 JavaThread "AWT-Windows" daemon [_thread_in_native, id=5236, stack(0x032c0000,0x03310000)]
  0x02bdb400 JavaThread "Java2D Disposer" daemon [_thread_blocked, id=5224, stack(0x03220000,0x03270000)]
  0x02bc8800 JavaThread "Service Thread" daemon [_thread_blocked, id=1780, stack(0x02f70000,0x02fc0000)]
=>0x02bba800 JavaThread "C1 CompilerThread0" daemon [_thread_in_native, id=2228, stack(0x02f20000,0x02f70000)]
  0x02bb8c00 JavaThread "Attach Listener" daemon [_thread_blocked, id=2016, stack(0x02ed0000,0x02f20000)]
  0x02bb7800 JavaThread "Signal Dispatcher" daemon [_thread_blocked, id=1572, stack(0x02e80000,0x02ed0000)]
  0x02b50000 JavaThread "Finalizer" daemon [_thread_blocked, id=4028, stack(0x02e30000,0x02e80000)]
  0x02b4b000 JavaThread "Reference Handler" daemon [_thread_blocked, id=4024, stack(0x02de0000,0x02e30000)]

Other Threads:
  0x02b49400 VMThread [stack: 0x02d90000,0x02de0000] [id=4020]
  0x02bdc400 WatcherThread [stack: 0x02fc0000,0x03010000] [id=2732]

VM state:not at safepoint (normal execution)

VM Mutex/Monitor currently owned by a thread: None

Heap
 def new generation   total 4928K, used 3613K [0x22c00000, 0x23150000, 0x28150000)
  eden space 4416K,  80% used [0x22c00000, 0x22f795d0, 0x23050000)
  from space 512K,  11% used [0x23050000, 0x2305e188, 0x230d0000)
  to   space 512K,   0% used [0x230d0000, 0x230d0000, 0x23150000)
 tenured generation   total 10944K, used 3552K [0x28150000, 0x28c00000, 0x32c00000)
   the space 10944K,  32% used [0x28150000, 0x284c8030, 0x284c8200, 0x28c00000)
 compacting perm gen  total 12288K, used 3046K [0x32c00000, 0x33800000, 0x36c00000)
   the space 12288K,  24% used [0x32c00000, 0x32ef9b38, 0x32ef9c00, 0x33800000)
    ro space 10240K,  42% used [0x36c00000, 0x37034650, 0x37034800, 0x37600000)
    rw space 12288K,  52% used [0x37600000, 0x37c4be40, 0x37c4c000, 0x38200000)

Card table byte_map: [0x02c30000,0x02ce0000] byte_map_base: 0x02b1a000

Polling page: 0x00a80000

Code Cache  [0x00ab0000, 0x00bf8000, 0x02ab0000)
 total_blobs=690 nmethods=449 adapters=178 free_code_cache=31471Kb largest_free_block=32225536

Compilation events (10 events):
Event: 552.962 Thread 0x02bba800 nmethod 448 0x00bf34c8 code [0x00bf35d0, 0x00bf367c]
Event: 553.419 Thread 0x02bba800  449             javax.swing.plaf.nimbus.ImageScalingHelper::drawImage (53 bytes)
Event: 553.420 Thread 0x02bba800 nmethod 449 0x00bf3708 code [0x00bf3810, 0x00bf393c]
Event: 555.902 Thread 0x02bba800  450             sun.java2d.SurfaceData::canRenderParallelograms (146 bytes)
Event: 555.903 Thread 0x02bba800 nmethod 450 0x00bf39c8 code [0x00bf3af0, 0x00bf3ce8]
Event: 558.961 Thread 0x02bba800  452             java.util.concurrent.locks.LockSupport::setBlocker (12 bytes)
Event: 558.962 Thread 0x02bba800 nmethod 452 0x00bf40c8 code [0x00bf41c0, 0x00bf4240]
Event: 561.507 Thread 0x02bba800  454             java.lang.ref.Reference::<init> (7 bytes)
Event: 561.507 Thread 0x02bba800 nmethod 454 0x00bf4508 code [0x00bf4600, 0x00bf46a0]
Event: 563.056 Thread 0x02bba800  455             javax.swing.plaf.nimbus.NimbusStyle::validate (1178 bytes)

GC Heap History (10 events):
Event: 72.993 GC heap before
{Heap before GC invocations=1 (full 0):
 def new generation   total 4928K, used 4928K [0x22c00000, 0x23150000, 0x28150000)
  eden space 4416K, 100% used [0x22c00000, 0x23050000, 0x23050000)
  from space 512K, 100% used [0x230d0000, 0x23150000, 0x23150000)
  to   space 512K,   0% used [0x23050000, 0x23050000, 0x230d0000)
 tenured generation   total 10944K, used 857K [0x28150000, 0x28c00000, 0x32c00000)
   the space 10944K,   7% used [0x28150000, 0x28226620, 0x28226800, 0x28c00000)
 compacting perm gen  total 12288K, used 2058K [0x32c00000, 0x33800000, 0x36c00000)
   the space 12288K,  16% used [0x32c00000, 0x32e02a28, 0x32e02c00, 0x33800000)
    ro space 10240K,  42% used [0x36c00000, 0x37034650, 0x37034800, 0x37600000)
    rw space 12288K,  52% used [0x37600000, 0x37c4be40, 0x37c4c000, 0x38200000)
Event: 73.018 GC heap after
Heap after GC invocations=2 (full 0):
 def new generation   total 4928K, used 512K [0x22c00000, 0x23150000, 0x28150000)
  eden space 4416K,   0% used [0x22c00000, 0x22c00000, 0x23050000)
  from space 512K, 100% used [0x23050000, 0x230d0000, 0x230d0000)
  to   space 512K,   0% used [0x230d0000, 0x230d0000, 0x23150000)
 tenured generation   total 10944K, used 1642K [0x28150000, 0x28c00000, 0x32c00000)
   the space 10944K,  15% used [0x28150000, 0x282eaab0, 0x282eac00, 0x28c00000)
 compacting perm gen  total 12288K, used 2058K [0x32c00000, 0x33800000, 0x36c00000)
   the space 12288K,  16% used [0x32c00000, 0x32e02a28, 0x32e02c00, 0x33800000)
    ro space 10240K,  42% used [0x36c00000, 0x37034650, 0x37034800, 0x37600000)
    rw space 12288K,  52% used [0x37600000, 0x37c4be40, 0x37c4c000, 0x38200000)
}
Event: 295.527 GC heap before
{Heap before GC invocations=2 (full 0):
 def new generation   total 4928K, used 4928K [0x22c00000, 0x23150000, 0x28150000)
  eden space 4416K, 100% used [0x22c00000, 0x23050000, 0x23050000)
  from space 512K, 100% used [0x23050000, 0x230d0000, 0x230d0000)
  to   space 512K,   0% used [0x230d0000, 0x230d0000, 0x23150000)
 tenured generation   total 10944K, used 1642K [0x28150000, 0x28c00000, 0x32c00000)
   the space 10944K,  15% used [0x28150000, 0x282eaab0, 0x282eac00, 0x28c00000)
 compacting perm gen  total 12288K, used 2857K [0x32c00000, 0x33800000, 0x36c00000)
   the space 12288K,  23% used [0x32c00000, 0x32eca420, 0x32eca600, 0x33800000)
    ro space 10240K,  42% used [0x36c00000, 0x37034650, 0x37034800, 0x37600000)
    rw space 12288K,  52% used [0x37600000, 0x37c4be40, 0x37c4c000, 0x38200000)
Event: 295.543 GC heap after
Heap after GC invocations=3 (full 0):
 def new generation   total 4928K, used 512K [0x22c00000, 0x23150000, 0x28150000)
  eden space 4416K,   0% used [0x22c00000, 0x22c00000, 0x23050000)
  from space 512K, 100% used [0x230d0000, 0x23150000, 0x23150000)
  to   space 512K,   0% used [0x23050000, 0x23050000, 0x230d0000)
 tenured generation   total 10944K, used 2513K [0x28150000, 0x28c00000, 0x32c00000)
   the space 10944K,  22% used [0x28150000, 0x283c45a0, 0x283c4600, 0x28c00000)
 compacting perm gen  total 12288K, used 2857K [0x32c00000, 0x33800000, 0x36c00000)
   the space 12288K,  23% used [0x32c00000, 0x32eca420, 0x32eca600, 0x33800000)
    ro space 10240K,  42% used [0x36c00000, 0x37034650, 0x37034800, 0x37600000)
    rw space 12288K,  52% used [0x37600000, 0x37c4be40, 0x37c4c000, 0x38200000)
}
Event: 420.593 GC heap before
{Heap before GC invocations=3 (full 0):
 def new generation   total 4928K, used 4928K [0x22c00000, 0x23150000, 0x28150000)
  eden space 4416K, 100% used [0x22c00000, 0x23050000, 0x23050000)
  from space 512K, 100% used [0x230d0000, 0x23150000, 0x23150000)
  to   space 512K,   0% used [0x23050000, 0x23050000, 0x230d0000)
 tenured generation   total 10944K, used 2513K [0x28150000, 0x28c00000, 0x32c00000)
   the space 10944K,  22% used [0x28150000, 0x283c45a0, 0x283c4600, 0x28c00000)
 compacting perm gen  total 12288K, used 3046K [0x32c00000, 0x33800000, 0x36c00000)
   the space 12288K,  24% used [0x32c00000, 0x32ef9810, 0x32ef9a00, 0x33800000)
    ro space 10240K,  42% used [0x36c00000, 0x37034650, 0x37034800, 0x37600000)
    rw space 12288K,  52% used [0x37600000, 0x37c4be40, 0x37c4c000, 0x38200000)
Event: 422.731 GC heap after
Heap after GC invocations=4 (full 0):
 def new generation   total 4928K, used 505K [0x22c00000, 0x23150000, 0x28150000)
  eden space 4416K,   0% used [0x22c00000, 0x22c00000, 0x23050000)
  from space 512K,  98% used [0x23050000, 0x230ce618, 0x230d0000)
  to   space 512K,   0% used [0x230d0000, 0x230d0000, 0x23150000)
 tenured generation   total 10944K, used 3059K [0x28150000, 0x28c00000, 0x32c00000)
   the space 10944K,  27% used [0x28150000, 0x2844cf18, 0x2844d000, 0x28c00000)
 compacting perm gen  total 12288K, used 3046K [0x32c00000, 0x33800000, 0x36c00000)
   the space 12288K,  24% used [0x32c00000, 0x32ef9810, 0x32ef9a00, 0x33800000)
    ro space 10240K,  42% used [0x36c00000, 0x37034650, 0x37034800, 0x37600000)
    rw space 12288K,  52% used [0x37600000, 0x37c4be40, 0x37c4c000, 0x38200000)
}
Event: 476.307 GC heap before
{Heap before GC invocations=4 (full 0):
 def new generation   total 4928K, used 4921K [0x22c00000, 0x23150000, 0x28150000)
  eden space 4416K, 100% used [0x22c00000, 0x23050000, 0x23050000)
  from space 512K,  98% used [0x23050000, 0x230ce618, 0x230d0000)
  to   space 512K,   0% used [0x230d0000, 0x230d0000, 0x23150000)
 tenured generation   total 10944K, used 3059K [0x28150000, 0x28c00000, 0x32c00000)
   the space 10944K,  27% used [0x28150000, 0x2844cf18, 0x2844d000, 0x28c00000)
 compacting perm gen  total 12288K, used 3046K [0x32c00000, 0x33800000, 0x36c00000)
   the space 12288K,  24% used [0x32c00000, 0x32ef98c0, 0x32ef9a00, 0x33800000)
    ro space 10240K,  42% used [0x36c00000, 0x37034650, 0x37034800, 0x37600000)
    rw space 12288K,  52% used [0x37600000, 0x37c4be40, 0x37c4c000, 0x38200000)
Event: 476.724 GC heap after
Heap after GC invocations=5 (full 0):
 def new generation   total 4928K, used 51K [0x22c00000, 0x23150000, 0x28150000)
  eden space 4416K,   0% used [0x22c00000, 0x22c00000, 0x23050000)
  from space 512K,  10% used [0x230d0000, 0x230dcd98, 0x23150000)
  to   space 512K,   0% used [0x23050000, 0x23050000, 0x230d0000)
 tenured generation   total 10944K, used 3552K [0x28150000, 0x28c00000, 0x32c00000)
   the space 10944K,  32% used [0x28150000, 0x284c8030, 0x284c8200, 0x28c00000)
 compacting perm gen  total 12288K, used 3046K [0x32c00000, 0x33800000, 0x36c00000)
   the space 12288K,  24% used [0x32c00000, 0x32ef98c0, 0x32ef9a00, 0x33800000)
    ro space 10240K,  42% used [0x36c00000, 0x37034650, 0x37034800, 0x37600000)
    rw space 12288K,  52% used [0x37600000, 0x37c4be40, 0x37c4c000, 0x38200000)
}
Event: 514.523 GC heap before
{Heap before GC invocations=5 (full 0):
 def new generation   total 4928K, used 4467K [0x22c00000, 0x23150000, 0x28150000)
  eden space 4416K, 100% used [0x22c00000, 0x23050000, 0x23050000)
  from space 512K,  10% used [0x230d0000, 0x230dcd98, 0x23150000)
  to   space 512K,   0% used [0x23050000, 0x23050000, 0x230d0000)
 tenured generation   total 10944K, used 3552K [0x28150000, 0x28c00000, 0x32c00000)
   the space 10944K,  32% used [0x28150000, 0x284c8030, 0x284c8200, 0x28c00000)
 compacting perm gen  total 12288K, used 3046K [0x32c00000, 0x33800000, 0x36c00000)
   the space 12288K,  24% used [0x32c00000, 0x32ef9960, 0x32ef9a00, 0x33800000)
    ro space 10240K,  42% used [0x36c00000, 0x37034650, 0x37034800, 0x37600000)
    rw space 12288K,  52% used [0x37600000, 0x37c4be40, 0x37c4c000, 0x38200000)
Event: 516.518 GC heap after
Heap after GC invocations=6 (full 0):
 def new generation   total 4928K, used 56K [0x22c00000, 0x23150000, 0x28150000)
  eden space 4416K,   0% used [0x22c00000, 0x22c00000, 0x23050000)
  from space 512K,  11% used [0x23050000, 0x2305e188, 0x230d0000)
  to   space 512K,   0% used [0x230d0000, 0x230d0000, 0x23150000)
 tenured generation   total 10944K, used 3552K [0x28150000, 0x28c00000, 0x32c00000)
   the space 10944K,  32% used [0x28150000, 0x284c8030, 0x284c8200, 0x28c00000)
 compacting perm gen  total 12288K, used 3046K [0x32c00000, 0x33800000, 0x36c00000)
   the space 12288K,  24% used [0x32c00000, 0x32ef9960, 0x32ef9a00, 0x33800000)
    ro space 10240K,  42% used [0x36c00000, 0x37034650, 0x37034800, 0x37600000)
    rw space 12288K,  52% used [0x37600000, 0x37c4be40, 0x37c4c000, 0x38200000)
}

Deoptimization events (0 events):
No events

Internal exceptions (10 events):
Event: 164.168 Thread 0x02bf7800 Threw 0x22f801a8 at C:\re\jdk7u67\1368\hotspot\src\share\vm\prims\jvm.cpp:1244
Event: 164.169 Thread 0x02bf7800 Threw 0x22f85e78 at C:\re\jdk7u67\1368\hotspot\src\share\vm\prims\jvm.cpp:1244
Event: 164.233 Thread 0x02bf7800 Threw 0x22f8e1b8 at C:\re\jdk7u67\1368\hotspot\src\share\vm\prims\jvm.cpp:1244
Event: 164.242 Thread 0x02bf7800 Threw 0x22f946c0 at C:\re\jdk7u67\1368\hotspot\src\share\vm\prims\jvm.cpp:1244
Event: 164.944 Thread 0x02bf7800 Threw 0x22f9d9a0 at C:\re\jdk7u67\1368\hotspot\src\share\vm\prims\jvm.cpp:1244
Event: 165.667 Thread 0x02bf7800 Threw 0x22fbf2b0 at C:\re\jdk7u67\1368\hotspot\src\share\vm\prims\jvm.cpp:1244
Event: 193.002 Thread 0x02bf7800 Threw 0x23004b80 at C:\re\jdk7u67\1368\hotspot\src\share\vm\prims\jvm.cpp:1244
Event: 202.602 Thread 0x02bf7800 Threw 0x2300d028 at C:\re\jdk7u67\1368\hotspot\src\share\vm\prims\jvm.cpp:1244
Event: 202.606 Thread 0x02bf7800 Threw 0x23017358 at C:\re\jdk7u67\1368\hotspot\src\share\vm\prims\jvm.cpp:1244
Event: 258.656 Thread 0x02bf7800 Threw 0x23037a38 at C:\re\jdk7u67\1368\hotspot\src\share\vm\prims\jvm.cpp:1244

Events (10 events):
Event: 418.293 Executing VM operation: GenCollectForAllocation
Event: 422.731 Executing VM operation: GenCollectForAllocation done
Event: 441.249 Thread 0x02bba800 flushing nmethod 0x00b87f48
Event: 453.585 Thread 0x02bba800 flushing nmethod 0x00b897c8
Event: 456.746 Thread 0x02bba800 flushing nmethod 0x00b97ec8
Event: 456.747 Thread 0x02bba800 flushing nmethod 0x00ba7908
Event: 474.340 Executing VM operation: GenCollectForAllocation
Event: 476.724 Executing VM operation: GenCollectForAllocation done
Event: 510.216 Executing VM operation: GenCollectForAllocation
Event: 516.518 Executing VM operation: GenCollectForAllocation done


Dynamic libraries:
0x00400000 - 0x0042f000 	C:\Archivos de programa\Java\jre7\bin\javaw.exe
0x7c910000 - 0x7c9c6000 	C:\WINDOWS\system32\ntdll.dll
0x7c800000 - 0x7c901000 	C:\WINDOWS\system32\kernel32.dll
0x77da0000 - 0x77e4c000 	C:\WINDOWS\system32\ADVAPI32.dll
0x77e50000 - 0x77ee1000 	C:\WINDOWS\system32\RPCRT4.dll
0x77d10000 - 0x77da0000 	C:\WINDOWS\system32\USER32.dll
0x77ef0000 - 0x77f36000 	C:\WINDOWS\system32\GDI32.dll
0x773a0000 - 0x774a2000 	C:\WINDOWS\WinSxS\x86_Microsoft.Windows.Common-Controls_6595b64144ccf1df_6.0.2600.2180_x-ww_a84f1ff9\COMCTL32.dll
0x77be0000 - 0x77c38000 	C:\WINDOWS\system32\msvcrt.dll
0x77f40000 - 0x77fb6000 	C:\WINDOWS\system32\SHLWAPI.dll
0x78aa0000 - 0x78b5f000 	C:\Archivos de programa\Java\jre7\bin\msvcr100.dll
0x6e770000 - 0x6eaf8000 	C:\Archivos de programa\Java\jre7\bin\client\jvm.dll
0x71a50000 - 0x71a5a000 	C:\WINDOWS\system32\WSOCK32.dll
0x71a30000 - 0x71a47000 	C:\WINDOWS\system32\WS2_32.dll
0x71a20000 - 0x71a28000 	C:\WINDOWS\system32\WS2HELP.dll
0x76b00000 - 0x76b2e000 	C:\WINDOWS\system32\WINMM.dll
0x76bb0000 - 0x76bbb000 	C:\WINDOWS\system32\PSAPI.DLL
0x6e6c0000 - 0x6e6cc000 	C:\Archivos de programa\Java\jre7\bin\verify.dll
0x6d480000 - 0x6d4a0000 	C:\Archivos de programa\Java\jre7\bin\java.dll
0x6e750000 - 0x6e763000 	C:\Archivos de programa\Java\jre7\bin\zip.dll
0x6d000000 - 0x6d143000 	C:\Archivos de programa\Java\jre7\bin\awt.dll
0x770f0000 - 0x7717c000 	C:\WINDOWS\system32\OLEAUT32.dll
0x774b0000 - 0x775ec000 	C:\WINDOWS\system32\ole32.dll
0x5b150000 - 0x5b188000 	C:\WINDOWS\system32\uxtheme.dll
0x746b0000 - 0x746fb000 	C:\WINDOWS\system32\MSCTF.dll
0x7c9d0000 - 0x7d1ee000 	C:\WINDOWS\system32\SHELL32.dll
0x6d270000 - 0x6d2a9000 	C:\Archivos de programa\Java\jre7\bin\fontmanager.dll
0x76340000 - 0x7635d000 	C:\WINDOWS\system32\IMM32.dll
0x76f90000 - 0x7700f000 	C:\WINDOWS\system32\CLBCATQ.DLL
0x77010000 - 0x770e0000 	C:\WINDOWS\system32\COMRes.dll
0x77bd0000 - 0x77bd8000 	C:\WINDOWS\system32\VERSION.dll
0x6e4b0000 - 0x6e4c4000 	C:\Archivos de programa\Java\jre7\bin\net.dll
0x6e4d0000 - 0x6e4df000 	C:\Archivos de programa\Java\jre7\bin\nio.dll
0x6e670000 - 0x6e6a0000 	C:\Archivos de programa\Java\jre7\bin\t2k.dll
0x719d0000 - 0x71a10000 	C:\WINDOWS\System32\mswsock.dll
0x76ee0000 - 0x76f07000 	C:\WINDOWS\system32\DNSAPI.dll
0x76d20000 - 0x76d39000 	C:\WINDOWS\system32\iphlpapi.dll
0x76f70000 - 0x76f78000 	C:\WINDOWS\System32\winrnr.dll
0x76f20000 - 0x76f4d000 	C:\WINDOWS\system32\WLDAP32.dll
0x76f80000 - 0x76f86000 	C:\WINDOWS\system32\rasadhlp.dll
0x66740000 - 0x66799000 	C:\WINDOWS\system32\hnetcfg.dll
0x71a10000 - 0x71a18000 	C:\WINDOWS\System32\wshtcpip.dll
0x6d180000 - 0x6d1a4000 	C:\Archivos de programa\Java\jre7\bin\dcpr.dll

VM Arguments:
java_command: C:\puntovengaguadalupe\dist\puntovengaguadalupe.jar
Launcher Type: SUN_STANDARD

Environment Variables:
PATH=C:\WINDOWS\system32;C:\WINDOWS;C:\WINDOWS\System32\Wbem
USERNAME=Administrador
OS=Windows_NT
PROCESSOR_IDENTIFIER=x86 Family 15 Model 4 Stepping 1, GenuineIntel



---------------  S Y S T E M  ---------------

OS: Windows XP Build 2600 Service Pack 2

CPU:total 2 (1 cores per cpu, 2 threads per core) family 15 model 4 stepping 1, cmov, cx8, fxsr, mmx, sse, sse2, sse3, ht, tsc

Memory: 4k page, physical 1538540k(4344k free), swap 5578504k(5420k free)

vm_info: Java HotSpot(TM) Client VM (24.65-b04) for windows-x86 JRE (1.7.0_67-b01), built on Jul 25 2014 10:20:53 by "java_re" with unknown MS VC++:1600

time: Thu Jun 25 08:21:43 2015
elapsed time: 580 seconds

