#
# A fatal error has been detected by the Java Runtime Environment:
#
#  Internal Error (c1_Compiler.cpp:87), pid=5208, tid=1348
#  guarantee(blob != NULL) failed: must create initial code buffer
#
# JRE version: Java(TM) SE Runtime Environment (7.0_67-b01) (build 1.7.0_67-b01)
# Java VM: Java HotSpot(TM) Client VM (24.65-b04 mixed mode, sharing windows-x86 )
# Failed to write core dump. Minidumps are not enabled by default on client versions of Windows
#
# If you would like to submit a bug report, please visit:
#   http://bugreport.sun.com/bugreport/crash.jsp
#

---------------  T H R E A D  ---------------

Current thread (0x02bbe000):  JavaThread "C1 CompilerThread0" daemon [_thread_in_native, id=1348, stack(0x02f20000,0x02f70000)]

Stack: [0x02f20000,0x02f70000],  sp=0x02f6f75c,  free space=317k
Native frames: (J=compiled Java code, j=interpreted, Vv=VM code, C=native code)
V  [jvm.dll+0x190494]
V  [jvm.dll+0x18a0d5]
V  [jvm.dll+0x2673ef]
V  [jvm.dll+0x5f439]
V  [jvm.dll+0x5fa3d]
V  [jvm.dll+0x16252c]
V  [jvm.dll+0x162f87]
V  [jvm.dll+0x1a7489]
C  [msvcr100.dll+0x5c556]
C  [msvcr100.dll+0x5c600]
C  [kernel32.dll+0xb50b]


Current CompileTask:
C1: 352609    1             java.lang.String::hashCode (55 bytes)


---------------  P R O C E S S  ---------------

Java Threads: ( => current thread )
  0x02bc0400 JavaThread "Service Thread" daemon [_thread_blocked, id=3616, stack(0x02f70000,0x02fc0000)]
=>0x02bbe000 JavaThread "C1 CompilerThread0" daemon [_thread_in_native, id=1348, stack(0x02f20000,0x02f70000)]
  0x02bb9000 JavaThread "Attach Listener" daemon [_thread_blocked, id=4240, stack(0x02ed0000,0x02f20000)]
  0x02bb7800 JavaThread "Signal Dispatcher" daemon [_thread_blocked, id=6028, stack(0x02e80000,0x02ed0000)]
  0x02b50000 JavaThread "Finalizer" daemon [_thread_blocked, id=9980, stack(0x02e30000,0x02e80000)]
  0x02b4b000 JavaThread "Reference Handler" daemon [_thread_blocked, id=9968, stack(0x02de0000,0x02e30000)]
  0x00949400 JavaThread "main" [_thread_in_vm, id=9240, stack(0x00a30000,0x00a80000)]

Other Threads:
  0x02b49400 VMThread [stack: 0x02d90000,0x02de0000] [id=9936]

VM state:not at safepoint (normal execution)

VM Mutex/Monitor currently owned by a thread:  ([mutex/lock_event])
[0x00948ca0] PeriodicTask_lock - owner thread: 0x00949400

Heap
 def new generation   total 4928K, used 289K [0x22c00000, 0x23150000, 0x28150000)
  eden space 4416K,   6% used [0x22c00000, 0x22c48430, 0x23050000)
  from space 512K,   0% used [0x23050000, 0x23050000, 0x230d0000)
  to   space 512K,   0% used [0x230d0000, 0x230d0000, 0x23150000)
 tenured generation   total 10944K, used 0K [0x28150000, 0x28c00000, 0x32c00000)
   the space 10944K,   0% used [0x28150000, 0x28150000, 0x28150200, 0x28c00000)
 compacting perm gen  total 12288K, used 82K [0x32c00000, 0x33800000, 0x36c00000)
   the space 12288K,   0% used [0x32c00000, 0x32c14840, 0x32c14a00, 0x33800000)
    ro space 10240K,  42% used [0x36c00000, 0x37034650, 0x37034800, 0x37600000)
    rw space 12288K,  52% used [0x37600000, 0x37c4be40, 0x37c4c000, 0x38200000)

Card table byte_map: [0x02c30000,0x02ce0000] byte_map_base: 0x02b1a000

Polling page: 0x00a80000

Code Cache  [0x00ab0000, 0x00af8000, 0x02ab0000)
 total_blobs=93 nmethods=0 adapters=63 free_code_cache=32484Kb largest_free_block=33264512

Compilation events (1 events):
Event: 343.967 Thread 0x02bbe000    1             java.lang.String::hashCode (55 bytes)

GC Heap History (0 events):
No events

Deoptimization events (0 events):
No events

Internal exceptions (1 events):
Event: 199.999 Thread 0x00949400 Threw 0x22c04d18 at C:\re\jdk7u67\1368\hotspot\src\share\vm\prims\jni.cpp:3991

Events (10 events):
Event: 338.377 loading class 0x3820e630
Event: 338.383 loading class 0x3824d5b0
Event: 338.383 loading class 0x3824d5b0 done
Event: 338.383 loading class 0x3820e630 done
Event: 338.383 loading class 0x3820e660
Event: 338.383 loading class 0x3820e660 done
Event: 342.745 Thread 0x02bb7800 Thread added: 0x02bb7800
Event: 342.745 Thread 0x02bb9000 Thread added: 0x02bb9000
Event: 342.881 Thread 0x02bbe000 Thread added: 0x02bbe000
Event: 342.881 Thread 0x02bc0400 Thread added: 0x02bc0400


Dynamic libraries:
