#
# There is insufficient memory for the Java Runtime Environment to continue.
# Native memory allocation (malloc) failed to allocate 32756 bytes for ChunkPool::allocate
# Possible reasons:
#   The system is out of physical RAM or swap space
#   In 32 bit mode, the process size limit was hit
# Possible solutions:
#   Reduce memory load on the system
#   Increase physical memory or swap space
#   Check if swap backing store is full
#   Use 64 bit Java on a 64 bit OS
#   Decrease Java heap size (-Xmx/-Xms)
#   Decrease number of Java threads
#   Decrease Java thread stack sizes (-Xss)
#   Set larger code cache with -XX:ReservedCodeCacheSize=
# This output file may be truncated or incomplete.
#
#  Out of Memory Error (allocation.cpp:211), pid=3740, tid=7392
#
# JRE version: Java(TM) SE Runtime Environment (7.0_67-b01) (build 1.7.0_67-b01)
# Java VM: Java HotSpot(TM) Client VM (24.65-b04 mixed mode, sharing windows-x86 )
# Failed to write core dump. Minidumps are not enabled by default on client versions of Windows
#

---------------  T H R E A D  ---------------

Current thread (0x02b49400):  VMThread [stack: 0x02d90000,0x02de0000] [id=7392]

Stack: [0x02d90000,0x02de0000],  sp=0x02ddf680,  free space=317k
Native frames: (J=compiled Java code, j=interpreted, Vv=VM code, C=native code)
V  [jvm.dll+0x190494]
V  [jvm.dll+0x18a2a5]
V  [jvm.dll+0x777f4]
V  [jvm.dll+0x779dc]
V  [jvm.dll+0x77d2a]
V  [jvm.dll+0x8c164]
V  [jvm.dll+0x163c49]
V  [jvm.dll+0x1366cf]
V  [jvm.dll+0x136973]
V  [jvm.dll+0x13713e]
V  [jvm.dll+0x1677a1]
V  [jvm.dll+0x167bb7]
V  [jvm.dll+0x167db2]
V  [jvm.dll+0x1a7489]
C  [msvcr100.dll+0x5c556]
C  [msvcr100.dll+0x5c600]
C  [kernel32.dll+0xb50b]

VM_Operation (0x0349f93c): RevokeBias, mode: safepoint, requested by thread 0x031cb400


---------------  P R O C E S S  ---------------

Java Threads: ( => current thread )
  0x031cb400 JavaThread "Image Fetcher 0" daemon [_thread_blocked, id=10104, stack(0x03450000,0x034a0000)]
  0x00949400 JavaThread "DestroyJavaVM" [_thread_blocked, id=7008, stack(0x00a30000,0x00a80000)]
  0x0302a800 JavaThread "AWT-EventQueue-0" [_thread_blocked, id=9532, stack(0x03400000,0x03450000)]
  0x0302a400 JavaThread "AWT-Shutdown" [_thread_blocked, id=9516, stack(0x033b0000,0x03400000)]
  0x03028c00 JavaThread "AWT-Windows" daemon [_thread_in_native, id=8464, stack(0x032c0000,0x03310000)]
  0x031f1400 JavaThread "Java2D Disposer" daemon [_thread_blocked, id=8456, stack(0x03220000,0x03270000)]
  0x02bc8800 JavaThread "Service Thread" daemon [_thread_blocked, id=7716, stack(0x02f70000,0x02fc0000)]
  0x02bba800 JavaThread "C1 CompilerThread0" daemon [_thread_blocked, id=7712, stack(0x02f20000,0x02f70000)]
  0x02bb8c00 JavaThread "Attach Listener" daemon [_thread_blocked, id=7708, stack(0x02ed0000,0x02f20000)]
  0x02bb7800 JavaThread "Signal Dispatcher" daemon [_thread_blocked, id=7704, stack(0x02e80000,0x02ed0000)]
  0x02b50000 JavaThread "Finalizer" daemon [_thread_blocked, id=7400, stack(0x02e30000,0x02e80000)]
  0x02b4b000 JavaThread "Reference Handler" daemon [_thread_blocked, id=7396, stack(0x02de0000,0x02e30000)]

Other Threads:
=>0x02b49400 VMThread [stack: 0x02d90000,0x02de0000] [id=7392]
  0x02bdc400 WatcherThread [stack: 0x02fc0000,0x03010000] [id=7720]

VM state:at safepoint (normal execution)

VM Mutex/Monitor currently owned by a thread:  ([mutex/lock_event])
[0x009481a8] Threads_lock - owner thread: 0x02b49400

Heap
 def new generation   total 4928K, used 3454K [0x22c00000, 0x23150000, 0x28150000)
  eden space 4416K,  78% used [0x22c00000, 0x22f5fa10, 0x23050000)
  from space 512K,   0% used [0x23050000, 0x23050000, 0x230d0000)
  to   space 512K,   0% used [0x230d0000, 0x230d0000, 0x23150000)
 tenured generation   total 10944K, used 0K [0x28150000, 0x28c00000, 0x32c00000)
   the space 10944K,   0% used [0x28150000, 0x28150000, 0x28150200, 0x28c00000)
 compacting perm gen  total 12288K, used 1077K [0x32c00000, 0x33800000, 0x36c00000)
   the space 12288K,   8% used [0x32c00000, 0x32d0d528, 0x32d0d600, 0x33800000)
    ro space 10240K,  42% used [0x36c00000, 0x37034650, 0x37034800, 0x37600000)
    rw space 12288K,  52% used [0x37600000, 0x37c4be40, 0x37c4c000, 0x38200000)

Card table byte_map: [0x02c30000,0x02ce0000] byte_map_base: 0x02b1a000

Polling page: 0x00a80000

Code Cache  [0x00ab0000, 0x00b70000, 0x02ab0000)
 total_blobs=286 nmethods=88 adapters=135 free_code_cache=32007Kb largest_free_block=32775168

Compilation events (10 events):
Event: 479.011 Thread 0x02bba800 nmethod 83 0x00b6ba48 code [0x00b6bb40, 0x00b6bbcc]
Event: 479.011 Thread 0x02bba800   84   !         javax.swing.UIManager::maybeInitialize (36 bytes)
Event: 479.012 Thread 0x02bba800 nmethod 84 0x00b6bc48 code [0x00b6bd70, 0x00b6bfb4]
Event: 483.848 Thread 0x02bba800   85             java.util.HashMap::containsKey (14 bytes)
Event: 483.848 Thread 0x02bba800 nmethod 85 0x00b6c188 code [0x00b6c280, 0x00b6c31c]
Event: 483.848 Thread 0x02bba800   86             javax.swing.UIManager::getLookAndFeel (10 bytes)
Event: 483.849 Thread 0x02bba800 nmethod 86 0x00b6c388 code [0x00b6c490, 0x00b6c528]
Event: 516.332 Thread 0x02bba800   88             sun.awt.image.PNGImageDecoder::filterRow (459 bytes)
Event: 516.334 Thread 0x02bba800 nmethod 88 0x00b6cd88 code [0x00b6cf20, 0x00b6d51c]
Event: 527.067 Thread 0x02bba800   89   !         sun.awt.image.PNGImageDecoder::produceImage (1920 bytes)

GC Heap History (0 events):
No events

Deoptimization events (0 events):
No events

Internal exceptions (10 events):
Event: 295.758 Thread 0x00949400 Threw 0x22e14600 at C:\re\jdk7u67\1368\hotspot\src\share\vm\prims\jvm.cpp:1244
Event: 299.471 Thread 0x00949400 Threw 0x22e1e620 at C:\re\jdk7u67\1368\hotspot\src\share\vm\prims\jvm.cpp:1244
Event: 300.267 Thread 0x00949400 Threw 0x22e254b8 at C:\re\jdk7u67\1368\hotspot\src\share\vm\prims\jvm.cpp:1244
Event: 331.087 Thread 0x00949400 Threw 0x22e74838 at C:\re\jdk7u67\1368\hotspot\src\share\vm\prims\jvm.cpp:1244
Event: 369.009 Thread 0x0302a800 Threw 0x22e881d8 at C:\re\jdk7u67\1368\hotspot\src\share\vm\prims\jvm.cpp:1244
Event: 374.877 Thread 0x0302a800 Threw 0x22e8f260 at C:\re\jdk7u67\1368\hotspot\src\share\vm\prims\jvm.cpp:1244
Event: 379.261 Thread 0x0302a800 Threw 0x22eae838 at C:\re\jdk7u67\1368\hotspot\src\share\vm\prims\jvm.cpp:1244
Event: 381.216 Thread 0x0302a800 Threw 0x22eb58c0 at C:\re\jdk7u67\1368\hotspot\src\share\vm\prims\jvm.cpp:1244
Event: 516.472 Thread 0x0302a800 Threw 0x22f352f8 at C:\re\jdk7u67\1368\hotspot\src\share\vm\prims\jvm.cpp:1244
Event: 517.742 Thread 0x0302a800 Threw 0x22f368d0 at C:\re\jdk7u67\1368\hotspot\src\share\vm\prims\jvm.cpp:1244

Events (10 events):
Event: 516.226 loading class 0x382f7490 done
Event: 516.335 Executing VM operation: RevokeBias
Event: 516.335 Executing VM operation: RevokeBias done
Event: 516.472 loading class 0x02be0578
Event: 516.472 loading class 0x02be0578 done
Event: 517.742 loading class 0x02be05c0
Event: 517.742 loading class 0x02be05c0 done
Event: 518.178 Executing VM operation: RevokeBias
Event: 518.179 Executing VM operation: RevokeBias done
Event: 527.069 Executing VM operation: RevokeBias


Dynamic libraries:
0x00400000 - 0x0042f000 	C:\Archivos de programa\Java\jre7\bin\javaw.exe
0x7c910000 - 0x7c9c6000 	C:\WINDOWS\system32\ntdll.dll
0x7c800000 - 0x7c901000 	C:\WINDOWS\system32\kernel32.dll
0x77da0000 - 0x77e4c000 	C:\WINDOWS\system32\ADVAPI32.dll
0x77e50000 - 0x77ee1000 	C:\WINDOWS\system32\RPCRT4.dll
0x77d10000 - 0x77da0000 	C:\WINDOWS\system32\USER32.dll
0x77ef0000 - 0x77f36000 	C:\WINDOWS\system32\GDI32.dll
0x773a0000 - 0x774a2000 	C:\WINDOWS\WinSxS\x86_Microsoft.Windows.Common-Controls_6595b64144ccf1df_6.0.2600.2180_x-ww_a84f1ff9\COMCTL32.dll
0x77be0000 - 0x77c38000 	C:\WINDOWS\system32\msvcrt.dll
0x77f40000 - 0x77fb6000 	C:\WINDOWS\system32\SHLWAPI.dll
0x78aa0000 - 0x78b5f000 	C:\Archivos de programa\Java\jre7\bin\msvcr100.dll
0x6e770000 - 0x6eaf8000 	C:\Archivos de programa\Java\jre7\bin\client\jvm.dll
0x71a50000 - 0x71a5a000 	C:\WINDOWS\system32\WSOCK32.dll
0x71a30000 - 0x71a47000 	C:\WINDOWS\system32\WS2_32.dll
0x71a20000 - 0x71a28000 	C:\WINDOWS\system32\WS2HELP.dll
0x76b00000 - 0x76b2e000 	C:\WINDOWS\system32\WINMM.dll
0x76bb0000 - 0x76bbb000 	C:\WINDOWS\system32\PSAPI.DLL
0x6e6c0000 - 0x6e6cc000 	C:\Archivos de programa\Java\jre7\bin\verify.dll
0x6d480000 - 0x6d4a0000 	C:\Archivos de programa\Java\jre7\bin\java.dll
0x6e750000 - 0x6e763000 	C:\Archivos de programa\Java\jre7\bin\zip.dll
0x6d000000 - 0x6d143000 	C:\Archivos de programa\Java\jre7\bin\awt.dll
0x770f0000 - 0x7717c000 	C:\WINDOWS\system32\OLEAUT32.dll
0x774b0000 - 0x775ec000 	C:\WINDOWS\system32\ole32.dll
0x5b150000 - 0x5b188000 	C:\WINDOWS\system32\uxtheme.dll
0x746b0000 - 0x746fb000 	C:\WINDOWS\system32\MSCTF.dll
0x7c9d0000 - 0x7d1ee000 	C:\WINDOWS\system32\SHELL32.dll
0x6d270000 - 0x6d2a9000 	C:\Archivos de programa\Java\jre7\bin\fontmanager.dll

VM Arguments:
java_command: C:\puntovengaguadalupe\dist\puntovengaguadalupe.jar
Launcher Type: SUN_STANDARD

Environment Variables:
PATH=C:\WINDOWS\system32;C:\WINDOWS;C:\WINDOWS\System32\Wbem
USERNAME=Administrador
OS=Windows_NT
PROCESSOR_IDENTIFIER=x86 Family 15 Model 4 Stepping 1, GenuineIntel



---------------  S Y S T E M  ---------------

OS: Windows XP Build 2600 Service Pack 2

CPU:total 2 (1 cores per cpu, 2 threads per core) family 15 model 4 stepping 1, cmov, cx8, fxsr, mmx, sse, sse2, sse3, ht, tsc

Memory: 4k page, physical 1538540k(4836k free), swap 5578504k(5436k free)

vm_info: Java HotSpot(TM) Client VM (24.65-b04) for windows-x86 JRE (1.7.0_67-b01), built on Jul 25 2014 10:20:53 by "java_re" with unknown MS VC++:1600

time: Thu Jun 25 08:21:44 2015
elapsed time: 541 seconds

